<?xml version="1.0" encoding="UTF-8"?>
<!-- Generated by org.testng.reporters.JUnitXMLReporter -->
<testsuite ignored="2" hostname="Shankari" failures="1" tests="2" name="Test" time="48.979" errors="0" timestamp="30 Apr 2020 16:08:06 GMT">
  <testcase classname="com.fremwworkdev.Testcase.Login" name="Login_in" time="31.828"/>
  <testcase classname="com.fremwworkdev.Testcase.Add_customer" name="call_Add_customer" time="15.443">
    <failure type="junit.framework.AssertionFailedError" message="Email is already registered">
      <![CDATA[junit.framework.AssertionFailedError: Email is already registered
at junit.framework.Assert.fail(Assert.java:47)
at com.fameworkdev.pageobject.page_objectclass_customerfunctions.add_customer(page_objectclass_customerfunctions.java:98)
at com.fremwworkdev.Testcase.Add_customer.call_Add_customer(Add_customer.java:18)
... Removed 25 stack frames]]>
    </failure>
  </testcase> <!-- call_Add_customer -->
  <testcase classname="com.fremwworkdev.Testcase.Baseclass" name="@BeforeSuite setup" time="0.0">
    <ignored/>
  </testcase> <!-- @BeforeSuite setup -->
  <testcase classname="com.fremwworkdev.Testcase.Baseclass" name="@AfterSuite terminate" time="0.0">
    <ignored/>
  </testcase> <!-- @AfterSuite terminate -->
</testsuite> <!-- Test -->
