<?xml version="1.0" encoding="UTF-8"?>
<!-- Generated by org.testng.reporters.JUnitXMLReporter -->
<testsuite ignored="2" hostname="Shankari" failures="0" tests="2" name="Test" time="117.274" errors="0" timestamp="02 May 2020 10:34:14 GMT">
  <testcase classname="com.fremwworkdev.Testcase.Login" name="Login_in" time="68.053"/>
  <testcase classname="com.fremwworkdev.Testcase.Add_customer" name="call_Add_customer" time="45.776"/>
  <testcase classname="com.fremwworkdev.Testcase.Baseclass" name="@BeforeSuite setup" time="0.0">
    <ignored/>
  </testcase> <!-- @BeforeSuite setup -->
  <testcase classname="com.fremwworkdev.Testcase.Baseclass" name="@AfterSuite terminate" time="0.0">
    <ignored/>
  </testcase> <!-- @AfterSuite terminate -->
</testsuite> <!-- Test -->
